<?xml version="1.0" encoding="UTF-8"?>
<testsuite xmlns:xsi="http://www.w3.org/2001/XMLSchema-instance" xsi:noNamespaceSchemaLocation="https://maven.apache.org/surefire/maven-surefire-plugin/xsd/surefire-test-report.xsd" name="br.com.llduran.converter.DozerConverterTest" time="0.998" tests="4" errors="0" skipped="0" failures="0">
  <properties>
[...]
</properties>
  <testcase name="parserVOListToEntityListTest" classname="br.com.llduran.converter.DozerConverterTest" time="0.643"/>
  <testcase name="parseVOToEntityTest" classname="br.com.llduran.converter.DozerConverterTest" time="0.016"/>
  <testcase name="parseEntityListToVOListTest" classname="br.com.llduran.converter.DozerConverterTest" time="0.245"/>
  <testcase name="parseEntityToVOTest" classname="br.com.llduran.converter.DozerConverterTest" time="0"/>
</testsuite>